  Zipper.cpp
  The contents of <filesystem> are available only with C++17 or later.
C:\Users\jnuno\Desktop\Javardices\MyZip\Zipper\Zipper.cpp(9,21): error C2039: 'filesystem': is not a member of 'std'
C:\Program Files (x86)\Microsoft Visual Studio\2019\Community\VC\Tools\MSVC\14.28.29333\include\sstream(20): message : see declaration of 'std'
C:\Users\jnuno\Desktop\Javardices\MyZip\Zipper\Zipper.cpp(9,31): error C2878: 'filesystem': a namespace or class of this name does not exist
C:\Users\jnuno\Desktop\Javardices\MyZip\Zipper\Zipper.cpp(11,6): error C2039: 'vector': is not a member of 'std'
C:\Program Files (x86)\Microsoft Visual Studio\2019\Community\VC\Tools\MSVC\14.28.29333\include\sstream(20): message : see declaration of 'std'
C:\Users\jnuno\Desktop\Javardices\MyZip\Zipper\Zipper.cpp(11,12): error C2143: syntax error: missing ';' before '<'
C:\Users\jnuno\Desktop\Javardices\MyZip\Zipper\Zipper.cpp(11,12): error C4430: missing type specifier - int assumed. Note: C++ does not support default-int
C:\Users\jnuno\Desktop\Javardices\MyZip\Zipper\Zipper.cpp(12,1): error C2143: syntax error: missing ';' before '{'
C:\Users\jnuno\Desktop\Javardices\MyZip\Zipper\Zipper.cpp(12,1): error C2447: '{': missing function header (old-style formal list?)
C:\Users\jnuno\Desktop\Javardices\MyZip\Zipper\Zipper.cpp(23,37): error C2039: 'vector': is not a member of 'std'
C:\Program Files (x86)\Microsoft Visual Studio\2019\Community\VC\Tools\MSVC\14.28.29333\include\sstream(20): message : see declaration of 'std'
C:\Users\jnuno\Desktop\Javardices\MyZip\Zipper\Zipper.cpp(23,44): error C2275: 'File': illegal use of this type as an expression
C:\Users\jnuno\Desktop\Javardices\MyZip\Zipper\File.h(5): message : see declaration of 'File'
C:\Users\jnuno\Desktop\Javardices\MyZip\Zipper\Zipper.cpp(23,15): error C2974: 'std::map': invalid template argument for '_Ty', type expected
C:\Program Files (x86)\Microsoft Visual Studio\2019\Community\VC\Tools\MSVC\14.28.29333\include\map(75): message : see declaration of 'std::map'
C:\Users\jnuno\Desktop\Javardices\MyZip\Zipper\Zipper.cpp(23,15): error C2976: 'std::map': too few template arguments
C:\Program Files (x86)\Microsoft Visual Studio\2019\Community\VC\Tools\MSVC\14.28.29333\include\map(75): message : see declaration of 'std::map'
C:\Users\jnuno\Desktop\Javardices\MyZip\Zipper\Zipper.cpp(23,48): error C2143: syntax error: missing ')' before '>'
C:\Users\jnuno\Desktop\Javardices\MyZip\Zipper\Zipper.cpp(23,48): error C2059: syntax error: '>'
C:\Users\jnuno\Desktop\Javardices\MyZip\Zipper\Zipper.cpp(23,54): error C2653: 'fs': is not a class or namespace name
C:\Users\jnuno\Desktop\Javardices\MyZip\Zipper\Zipper.cpp(23,64): error C2059: syntax error: ')'
C:\Users\jnuno\Desktop\Javardices\MyZip\Zipper\Zipper.cpp(23,66): error C2143: syntax error: missing ';' before '{'
C:\Users\jnuno\Desktop\Javardices\MyZip\Zipper\Zipper.cpp(23,66): error C2447: '{': missing function header (old-style formal list?)
C:\Users\jnuno\Desktop\Javardices\MyZip\Zipper\Zipper.cpp(59,69): error C2039: 'vector': is not a member of 'std'
C:\Program Files (x86)\Microsoft Visual Studio\2019\Community\VC\Tools\MSVC\14.28.29333\include\sstream(20): message : see declaration of 'std'
C:\Users\jnuno\Desktop\Javardices\MyZip\Zipper\Zipper.cpp(59,76): error C2275: 'File': illegal use of this type as an expression
C:\Users\jnuno\Desktop\Javardices\MyZip\Zipper\File.h(5): message : see declaration of 'File'
C:\Users\jnuno\Desktop\Javardices\MyZip\Zipper\Zipper.cpp(59,47): error C2974: 'std::map': invalid template argument for '_Ty', type expected
C:\Program Files (x86)\Microsoft Visual Studio\2019\Community\VC\Tools\MSVC\14.28.29333\include\map(75): message : see declaration of 'std::map'
C:\Users\jnuno\Desktop\Javardices\MyZip\Zipper\Zipper.cpp(59,47): error C2976: 'std::map': too few template arguments
C:\Program Files (x86)\Microsoft Visual Studio\2019\Community\VC\Tools\MSVC\14.28.29333\include\map(75): message : see declaration of 'std::map'
C:\Users\jnuno\Desktop\Javardices\MyZip\Zipper\Zipper.cpp(59,80): error C2143: syntax error: missing ')' before '>'
C:\Users\jnuno\Desktop\Javardices\MyZip\Zipper\Zipper.cpp(59,80): error C2059: syntax error: '>'
C:\Users\jnuno\Desktop\Javardices\MyZip\Zipper\Zipper.cpp(59,89): error C2059: syntax error: ')'
C:\Users\jnuno\Desktop\Javardices\MyZip\Zipper\Zipper.cpp(59,91): error C2143: syntax error: missing ';' before '{'
C:\Users\jnuno\Desktop\Javardices\MyZip\Zipper\Zipper.cpp(59,91): error C2447: '{': missing function header (old-style formal list?)
C:\Users\jnuno\Desktop\Javardices\MyZip\Zipper\Zipper.cpp(115,17): error C2275: 'std::string': illegal use of this type as an expression
C:\Users\jnuno\Desktop\Javardices\MyZip\Zipper\Zipper.cpp(115): message : see declaration of 'std::string'
C:\Users\jnuno\Desktop\Javardices\MyZip\Zipper\Zipper.cpp(115,25): error C2065: 'res': undeclared identifier
C:\Users\jnuno\Desktop\Javardices\MyZip\Zipper\Zipper.cpp(115,31): error C3861: 'split': identifier not found
C:\Users\jnuno\Desktop\Javardices\MyZip\Zipper\Zipper.cpp(117,25): error C2065: 'res': undeclared identifier
C:\Users\jnuno\Desktop\Javardices\MyZip\Zipper\Zipper.cpp(118,26): error C2065: 'res': undeclared identifier
C:\Users\jnuno\Desktop\Javardices\MyZip\Zipper\Zipper.cpp(138,13): error C2653: 'fs': is not a class or namespace name
C:\Users\jnuno\Desktop\Javardices\MyZip\Zipper\Zipper.cpp(138,17): error C3861: 'create_directories': identifier not found
C:\Users\jnuno\Desktop\Javardices\MyZip\Zipper\Zipper.cpp(191,5): error C2653: 'fs': is not a class or namespace name
C:\Users\jnuno\Desktop\Javardices\MyZip\Zipper\Zipper.cpp(191,9): error C3861: 'current_path': identifier not found
C:\Users\jnuno\Desktop\Javardices\MyZip\Zipper\Zipper.cpp(193,32): error C2039: 'vector': is not a member of 'std'
C:\Program Files (x86)\Microsoft Visual Studio\2019\Community\VC\Tools\MSVC\14.28.29333\include\sstream(20): message : see declaration of 'std'
C:\Users\jnuno\Desktop\Javardices\MyZip\Zipper\Zipper.cpp(193,39): error C2275: 'File': illegal use of this type as an expression
C:\Users\jnuno\Desktop\Javardices\MyZip\Zipper\File.h(5): message : see declaration of 'File'
C:\Users\jnuno\Desktop\Javardices\MyZip\Zipper\Zipper.cpp(193,10): error C2974: 'std::map': invalid template argument for '_Ty', type expected
C:\Program Files (x86)\Microsoft Visual Studio\2019\Community\VC\Tools\MSVC\14.28.29333\include\map(75): message : see declaration of 'std::map'
C:\Users\jnuno\Desktop\Javardices\MyZip\Zipper\Zipper.cpp(193,10): error C2976: 'std::map': too few template arguments
C:\Program Files (x86)\Microsoft Visual Studio\2019\Community\VC\Tools\MSVC\14.28.29333\include\map(75): message : see declaration of 'std::map'
C:\Users\jnuno\Desktop\Javardices\MyZip\Zipper\Zipper.cpp(193,43): error C2059: syntax error: '>'
C:\Users\jnuno\Desktop\Javardices\MyZip\Zipper\Zipper.cpp(195,20): error C2065: 'files': undeclared identifier
